2024-10-28T08:57:00.935+09:00  INFO 8752 --- [55g.com-front] [main] shop.S5G.front.Application               : Starting Application using Java 22.0.1 with PID 8752 (C:\NHNacademy\book\55G.COM-front\target\classes started by cbs10 in C:\NHNacademy\book\55G.COM-front)
2024-10-28T08:57:00.948+09:00  INFO 8752 --- [55g.com-front] [main] shop.S5G.front.Application               : No active profile set, falling back to 1 default profile: "default"
2024-10-28T08:57:01.685+09:00  INFO 8752 --- [55g.com-front] [main] o.s.cloud.context.scope.GenericScope     : BeanFactory id=dd1209c8-4e0c-37fe-988e-a21bdd9c86c4
2024-10-28T08:57:01.937+09:00  INFO 8752 --- [55g.com-front] [main] o.s.b.w.embedded.tomcat.TomcatWebServer  : Tomcat initialized with port 8080 (http)
2024-10-28T08:57:01.954+09:00  INFO 8752 --- [55g.com-front] [main] o.apache.catalina.core.StandardService   : Starting service [Tomcat]
2024-10-28T08:57:01.954+09:00  INFO 8752 --- [55g.com-front] [main] o.apache.catalina.core.StandardEngine    : Starting Servlet engine: [Apache Tomcat/10.1.30]
2024-10-28T08:57:02.002+09:00  INFO 8752 --- [55g.com-front] [main] o.a.c.c.C.[Tomcat].[localhost].[/]       : Initializing Spring embedded WebApplicationContext
2024-10-28T08:57:02.002+09:00  INFO 8752 --- [55g.com-front] [main] w.s.c.ServletWebServerApplicationContext : Root WebApplicationContext: initialization completed in 998 ms
2024-10-28T08:57:02.107+09:00  INFO 8752 --- [55g.com-front] [main] o.s.b.a.w.s.WelcomePageHandlerMapping    : Adding welcome page template: index
2024-10-28T08:57:02.436+09:00  INFO 8752 --- [55g.com-front] [main] o.s.b.w.embedded.tomcat.TomcatWebServer  : Tomcat started on port 8080 (http) with context path '/'
2024-10-28T08:57:02.445+09:00  INFO 8752 --- [55g.com-front] [main] shop.S5G.front.Application               : Started Application in 2.083 seconds (process running for 2.955)
2024-10-28T08:57:28.006+09:00  INFO 8752 --- [55g.com-front] [http-nio-8080-exec-3] o.a.c.c.C.[Tomcat].[localhost].[/]       : Initializing Spring DispatcherServlet 'dispatcherServlet'
2024-10-28T08:57:28.011+09:00  INFO 8752 --- [55g.com-front] [http-nio-8080-exec-3] o.s.web.servlet.DispatcherServlet        : Initializing Servlet 'dispatcherServlet'
2024-10-28T08:57:28.013+09:00  INFO 8752 --- [55g.com-front] [http-nio-8080-exec-3] o.s.web.servlet.DispatcherServlet        : Completed initialization in 2 ms
2024-10-28T08:57:28.974+09:00  WARN 8752 --- [55g.com-front] [http-nio-8080-exec-8] o.s.web.servlet.PageNotFound             : No mapping for GET /favicon.ico
2024-10-28T08:57:28.978+09:00  WARN 8752 --- [55g.com-front] [http-nio-8080-exec-8] o.s.web.servlet.PageNotFound             : No endpoint GET /favicon.ico.
2024-10-28T10:02:03.720+09:00  INFO 9132 --- [55g.com-front] [main] shop.S5G.front.Application               : Starting Application using Java 22.0.1 with PID 9132 (C:\NHNacademy\book\55G.COM-front\target\classes started by cbs10 in C:\NHNacademy\book\55G.COM-front)
2024-10-28T10:02:03.720+09:00  INFO 9132 --- [55g.com-front] [main] shop.S5G.front.Application               : No active profile set, falling back to 1 default profile: "default"
2024-10-28T10:02:04.326+09:00  INFO 9132 --- [55g.com-front] [main] o.s.cloud.context.scope.GenericScope     : BeanFactory id=dd1209c8-4e0c-37fe-988e-a21bdd9c86c4
2024-10-28T10:02:04.545+09:00  INFO 9132 --- [55g.com-front] [main] o.s.b.w.embedded.tomcat.TomcatWebServer  : Tomcat initialized with port 8080 (http)
2024-10-28T10:02:04.558+09:00  INFO 9132 --- [55g.com-front] [main] o.apache.catalina.core.StandardService   : Starting service [Tomcat]
2024-10-28T10:02:04.558+09:00  INFO 9132 --- [55g.com-front] [main] o.apache.catalina.core.StandardEngine    : Starting Servlet engine: [Apache Tomcat/10.1.30]
2024-10-28T10:02:04.599+09:00  INFO 9132 --- [55g.com-front] [main] o.a.c.c.C.[Tomcat].[localhost].[/]       : Initializing Spring embedded WebApplicationContext
2024-10-28T10:02:04.599+09:00  INFO 9132 --- [55g.com-front] [main] w.s.c.ServletWebServerApplicationContext : Root WebApplicationContext: initialization completed in 839 ms
2024-10-28T10:02:04.686+09:00  INFO 9132 --- [55g.com-front] [main] o.s.b.a.w.s.WelcomePageHandlerMapping    : Adding welcome page template: index
2024-10-28T10:02:05.028+09:00  INFO 9132 --- [55g.com-front] [main] o.s.b.w.embedded.tomcat.TomcatWebServer  : Tomcat started on port 8080 (http) with context path '/'
2024-10-28T10:02:05.036+09:00  INFO 9132 --- [55g.com-front] [main] shop.S5G.front.Application               : Started Application in 1.725 seconds (process running for 6.112)
2024-10-28T10:02:07.698+09:00  INFO 9132 --- [55g.com-front] [http-nio-8080-exec-1] o.a.c.c.C.[Tomcat].[localhost].[/]       : Initializing Spring DispatcherServlet 'dispatcherServlet'
2024-10-28T10:02:07.710+09:00  INFO 9132 --- [55g.com-front] [http-nio-8080-exec-1] o.s.web.servlet.DispatcherServlet        : Initializing Servlet 'dispatcherServlet'
2024-10-28T10:02:07.712+09:00  INFO 9132 --- [55g.com-front] [http-nio-8080-exec-1] o.s.web.servlet.DispatcherServlet        : Completed initialization in 1 ms
2024-10-28T10:05:33.003+09:00  WARN 9132 --- [55g.com-front] [http-nio-8080-exec-5] o.s.web.servlet.PageNotFound             : No mapping for GET /index.html
2024-10-28T10:05:33.019+09:00  WARN 9132 --- [55g.com-front] [http-nio-8080-exec-5] o.s.web.servlet.PageNotFound             : No endpoint GET /index.html.
2024-10-28T10:20:51.853+09:00  WARN 9132 --- [55g.com-front] [http-nio-8080-exec-8] o.s.web.servlet.PageNotFound             : No mapping for GET /index.html
2024-10-28T10:20:51.856+09:00  WARN 9132 --- [55g.com-front] [http-nio-8080-exec-8] o.s.web.servlet.PageNotFound             : No endpoint GET /index.html.
2024-10-28T13:23:25.137+09:00  INFO 4852 --- [55g.com-front] [main] shop.S5G.front.Application               : Starting Application using Java 22.0.1 with PID 4852 (C:\NHNacademy\book\55G.COM-front\target\classes started by cbs10 in C:\NHNacademy\book\55G.COM-front)
2024-10-28T13:23:25.139+09:00  INFO 4852 --- [55g.com-front] [main] shop.S5G.front.Application               : No active profile set, falling back to 1 default profile: "default"
2024-10-28T13:23:25.964+09:00  INFO 4852 --- [55g.com-front] [main] o.s.cloud.context.scope.GenericScope     : BeanFactory id=4f610a00-580e-3fc6-b2fd-e896fa9b10ab
2024-10-28T13:23:26.221+09:00  INFO 4852 --- [55g.com-front] [main] o.s.b.w.embedded.tomcat.TomcatWebServer  : Tomcat initialized with port 8080 (http)
2024-10-28T13:23:26.234+09:00  INFO 4852 --- [55g.com-front] [main] o.apache.catalina.core.StandardService   : Starting service [Tomcat]
2024-10-28T13:23:26.234+09:00  INFO 4852 --- [55g.com-front] [main] o.apache.catalina.core.StandardEngine    : Starting Servlet engine: [Apache Tomcat/10.1.30]
2024-10-28T13:23:26.285+09:00  INFO 4852 --- [55g.com-front] [main] o.a.c.c.C.[Tomcat].[localhost].[/]       : Initializing Spring embedded WebApplicationContext
2024-10-28T13:23:26.286+09:00  INFO 4852 --- [55g.com-front] [main] w.s.c.ServletWebServerApplicationContext : Root WebApplicationContext: initialization completed in 1073 ms
2024-10-28T13:23:26.488+09:00  INFO 4852 --- [55g.com-front] [main] o.s.b.a.w.s.WelcomePageHandlerMapping    : Adding welcome page template: index
2024-10-28T13:23:26.737+09:00  INFO 4852 --- [55g.com-front] [main] o.s.b.w.embedded.tomcat.TomcatWebServer  : Tomcat started on port 8080 (http) with context path '/'
2024-10-28T13:23:26.746+09:00  INFO 4852 --- [55g.com-front] [main] shop.S5G.front.Application               : Started Application in 2.154 seconds (process running for 2.726)
2024-10-28T13:24:26.229+09:00  INFO 17460 --- [55g.com-front] [main] shop.S5G.front.Application               : Starting Application using Java 22.0.1 with PID 17460 (C:\NHNacademy\book\55G.COM-front\target\classes started by cbs10 in C:\NHNacademy\book\55G.COM-front)
2024-10-28T13:24:26.231+09:00  INFO 17460 --- [55g.com-front] [main] shop.S5G.front.Application               : No active profile set, falling back to 1 default profile: "default"
2024-10-28T13:24:26.900+09:00  INFO 17460 --- [55g.com-front] [main] o.s.cloud.context.scope.GenericScope     : BeanFactory id=4f610a00-580e-3fc6-b2fd-e896fa9b10ab
2024-10-28T13:24:27.219+09:00  INFO 17460 --- [55g.com-front] [main] o.s.b.w.embedded.tomcat.TomcatWebServer  : Tomcat initialized with port 8080 (http)
2024-10-28T13:24:27.230+09:00  INFO 17460 --- [55g.com-front] [main] o.apache.catalina.core.StandardService   : Starting service [Tomcat]
2024-10-28T13:24:27.230+09:00  INFO 17460 --- [55g.com-front] [main] o.apache.catalina.core.StandardEngine    : Starting Servlet engine: [Apache Tomcat/10.1.30]
2024-10-28T13:24:27.285+09:00  INFO 17460 --- [55g.com-front] [main] o.a.c.c.C.[Tomcat].[localhost].[/]       : Initializing Spring embedded WebApplicationContext
2024-10-28T13:24:27.286+09:00  INFO 17460 --- [55g.com-front] [main] w.s.c.ServletWebServerApplicationContext : Root WebApplicationContext: initialization completed in 1010 ms
2024-10-28T13:24:27.520+09:00  INFO 17460 --- [55g.com-front] [main] o.s.b.a.w.s.WelcomePageHandlerMapping    : Adding welcome page template: index
2024-10-28T13:24:27.794+09:00  INFO 17460 --- [55g.com-front] [main] o.s.b.w.embedded.tomcat.TomcatWebServer  : Tomcat started on port 8080 (http) with context path '/'
2024-10-28T13:24:27.806+09:00  INFO 17460 --- [55g.com-front] [main] shop.S5G.front.Application               : Started Application in 2.034 seconds (process running for 3.178)
2024-10-28T13:24:48.595+09:00  INFO 17460 --- [55g.com-front] [http-nio-8080-exec-1] o.a.c.c.C.[Tomcat].[localhost].[/]       : Initializing Spring DispatcherServlet 'dispatcherServlet'
2024-10-28T13:24:48.595+09:00  INFO 17460 --- [55g.com-front] [http-nio-8080-exec-1] o.s.web.servlet.DispatcherServlet        : Initializing Servlet 'dispatcherServlet'
2024-10-28T13:24:48.595+09:00  INFO 17460 --- [55g.com-front] [http-nio-8080-exec-1] o.s.web.servlet.DispatcherServlet        : Completed initialization in 0 ms
2024-10-28T13:26:40.668+09:00  INFO 16784 --- [55g.com-front] [main] shop.S5G.front.Application               : Starting Application using Java 22.0.1 with PID 16784 (C:\NHNacademy\book\55G.COM-front\target\classes started by cbs10 in C:\NHNacademy\book\55G.COM-front)
2024-10-28T13:26:40.671+09:00  INFO 16784 --- [55g.com-front] [main] shop.S5G.front.Application               : No active profile set, falling back to 1 default profile: "default"
2024-10-28T13:26:41.330+09:00  INFO 16784 --- [55g.com-front] [main] o.s.cloud.context.scope.GenericScope     : BeanFactory id=4f610a00-580e-3fc6-b2fd-e896fa9b10ab
2024-10-28T13:26:41.613+09:00  INFO 16784 --- [55g.com-front] [main] o.s.b.w.embedded.tomcat.TomcatWebServer  : Tomcat initialized with port 8080 (http)
2024-10-28T13:26:41.628+09:00  INFO 16784 --- [55g.com-front] [main] o.apache.catalina.core.StandardService   : Starting service [Tomcat]
2024-10-28T13:26:41.628+09:00  INFO 16784 --- [55g.com-front] [main] o.apache.catalina.core.StandardEngine    : Starting Servlet engine: [Apache Tomcat/10.1.30]
2024-10-28T13:26:41.704+09:00  INFO 16784 --- [55g.com-front] [main] o.a.c.c.C.[Tomcat].[localhost].[/]       : Initializing Spring embedded WebApplicationContext
2024-10-28T13:26:41.705+09:00  INFO 16784 --- [55g.com-front] [main] w.s.c.ServletWebServerApplicationContext : Root WebApplicationContext: initialization completed in 978 ms
2024-10-28T13:26:41.980+09:00  INFO 16784 --- [55g.com-front] [main] o.s.b.a.w.s.WelcomePageHandlerMapping    : Adding welcome page template: index
2024-10-28T13:26:42.273+09:00  INFO 16784 --- [55g.com-front] [main] o.s.b.w.embedded.tomcat.TomcatWebServer  : Tomcat started on port 8080 (http) with context path '/'
2024-10-28T13:26:42.284+09:00  INFO 16784 --- [55g.com-front] [main] shop.S5G.front.Application               : Started Application in 2.114 seconds (process running for 3.188)
2024-10-28T13:26:47.458+09:00  INFO 16784 --- [55g.com-front] [http-nio-8080-exec-1] o.a.c.c.C.[Tomcat].[localhost].[/]       : Initializing Spring DispatcherServlet 'dispatcherServlet'
2024-10-28T13:26:47.462+09:00  INFO 16784 --- [55g.com-front] [http-nio-8080-exec-1] o.s.web.servlet.DispatcherServlet        : Initializing Servlet 'dispatcherServlet'
2024-10-28T13:26:47.464+09:00  INFO 16784 --- [55g.com-front] [http-nio-8080-exec-1] o.s.web.servlet.DispatcherServlet        : Completed initialization in 1 ms
2024-10-28T13:27:34.721+09:00  INFO 22236 --- [55g.com-front] [main] shop.S5G.front.Application               : Starting Application using Java 22.0.1 with PID 22236 (C:\NHNacademy\book\55G.COM-front\target\classes started by cbs10 in C:\NHNacademy\book\55G.COM-front)
2024-10-28T13:27:34.724+09:00  INFO 22236 --- [55g.com-front] [main] shop.S5G.front.Application               : No active profile set, falling back to 1 default profile: "default"
2024-10-28T13:27:35.479+09:00  INFO 22236 --- [55g.com-front] [main] o.s.cloud.context.scope.GenericScope     : BeanFactory id=4f610a00-580e-3fc6-b2fd-e896fa9b10ab
2024-10-28T13:27:35.777+09:00  INFO 22236 --- [55g.com-front] [main] o.s.b.w.embedded.tomcat.TomcatWebServer  : Tomcat initialized with port 8080 (http)
2024-10-28T13:27:35.792+09:00  INFO 22236 --- [55g.com-front] [main] o.apache.catalina.core.StandardService   : Starting service [Tomcat]
2024-10-28T13:27:35.793+09:00  INFO 22236 --- [55g.com-front] [main] o.apache.catalina.core.StandardEngine    : Starting Servlet engine: [Apache Tomcat/10.1.30]
2024-10-28T13:27:35.861+09:00  INFO 22236 --- [55g.com-front] [main] o.a.c.c.C.[Tomcat].[localhost].[/]       : Initializing Spring embedded WebApplicationContext
2024-10-28T13:27:35.861+09:00  INFO 22236 --- [55g.com-front] [main] w.s.c.ServletWebServerApplicationContext : Root WebApplicationContext: initialization completed in 1076 ms
2024-10-28T13:27:36.107+09:00  INFO 22236 --- [55g.com-front] [main] o.s.b.a.w.s.WelcomePageHandlerMapping    : Adding welcome page template: index
2024-10-28T13:27:36.424+09:00  INFO 22236 --- [55g.com-front] [main] o.s.b.w.embedded.tomcat.TomcatWebServer  : Tomcat started on port 8080 (http) with context path '/'
2024-10-28T13:27:36.438+09:00  INFO 22236 --- [55g.com-front] [main] shop.S5G.front.Application               : Started Application in 2.225 seconds (process running for 2.836)
2024-10-28T13:27:49.255+09:00  INFO 22236 --- [55g.com-front] [http-nio-8080-exec-1] o.a.c.c.C.[Tomcat].[localhost].[/]       : Initializing Spring DispatcherServlet 'dispatcherServlet'
2024-10-28T13:27:49.255+09:00  INFO 22236 --- [55g.com-front] [http-nio-8080-exec-1] o.s.web.servlet.DispatcherServlet        : Initializing Servlet 'dispatcherServlet'
2024-10-28T13:27:49.263+09:00  INFO 22236 --- [55g.com-front] [http-nio-8080-exec-1] o.s.web.servlet.DispatcherServlet        : Completed initialization in 8 ms
2024-10-28T13:33:44.365+09:00  INFO 3208 --- [55g.com-front] [main] shop.S5G.front.Application               : Starting Application using Java 22.0.1 with PID 3208 (C:\NHNacademy\book\55G.COM-front\target\classes started by cbs10 in C:\NHNacademy\book\55G.COM-front)
2024-10-28T13:33:44.368+09:00  INFO 3208 --- [55g.com-front] [main] shop.S5G.front.Application               : No active profile set, falling back to 1 default profile: "default"
2024-10-28T13:33:45.040+09:00  INFO 3208 --- [55g.com-front] [main] o.s.cloud.context.scope.GenericScope     : BeanFactory id=4f610a00-580e-3fc6-b2fd-e896fa9b10ab
2024-10-28T13:33:45.321+09:00  INFO 3208 --- [55g.com-front] [main] o.s.b.w.embedded.tomcat.TomcatWebServer  : Tomcat initialized with port 8080 (http)
2024-10-28T13:33:45.336+09:00  INFO 3208 --- [55g.com-front] [main] o.apache.catalina.core.StandardService   : Starting service [Tomcat]
2024-10-28T13:33:45.337+09:00  INFO 3208 --- [55g.com-front] [main] o.apache.catalina.core.StandardEngine    : Starting Servlet engine: [Apache Tomcat/10.1.30]
2024-10-28T13:33:45.410+09:00  INFO 3208 --- [55g.com-front] [main] o.a.c.c.C.[Tomcat].[localhost].[/]       : Initializing Spring embedded WebApplicationContext
2024-10-28T13:33:45.411+09:00  INFO 3208 --- [55g.com-front] [main] w.s.c.ServletWebServerApplicationContext : Root WebApplicationContext: initialization completed in 985 ms
2024-10-28T13:33:45.666+09:00  INFO 3208 --- [55g.com-front] [main] o.s.b.a.w.s.WelcomePageHandlerMapping    : Adding welcome page template: index
2024-10-28T13:33:45.986+09:00  INFO 3208 --- [55g.com-front] [main] o.s.b.w.embedded.tomcat.TomcatWebServer  : Tomcat started on port 8080 (http) with context path '/'
2024-10-28T13:33:45.996+09:00  INFO 3208 --- [55g.com-front] [main] shop.S5G.front.Application               : Started Application in 2.084 seconds (process running for 2.719)
2024-10-28T13:33:59.598+09:00  INFO 3208 --- [55g.com-front] [http-nio-8080-exec-1] o.a.c.c.C.[Tomcat].[localhost].[/]       : Initializing Spring DispatcherServlet 'dispatcherServlet'
2024-10-28T13:33:59.598+09:00  INFO 3208 --- [55g.com-front] [http-nio-8080-exec-1] o.s.web.servlet.DispatcherServlet        : Initializing Servlet 'dispatcherServlet'
2024-10-28T13:33:59.603+09:00  INFO 3208 --- [55g.com-front] [http-nio-8080-exec-1] o.s.web.servlet.DispatcherServlet        : Completed initialization in 5 ms
2024-10-28T13:34:46.867+09:00 ERROR 3208 --- [55g.com-front] [http-nio-8080-exec-1] o.a.c.c.C.[.[.[/].[dispatcherServlet]    : Servlet.service() for servlet [dispatcherServlet] in context with path [] threw exception [Request processing failed: feign.FeignException$BadRequest: [400] during [POST] to [http://localhost:8820/api/shop/member] [MemberAdapter#registerMember(MemberRegistrationRequestDto)]: [{"message":"잘못된 요청입니다."}]] with root cause

feign.FeignException$BadRequest: [400] during [POST] to [http://localhost:8820/api/shop/member] [MemberAdapter#registerMember(MemberRegistrationRequestDto)]: [{"message":"잘못된 요청입니다."}]
	at feign.FeignException.clientErrorStatus(FeignException.java:222) ~[feign-core-13.2.1.jar:na]
	at feign.FeignException.errorStatus(FeignException.java:203) ~[feign-core-13.2.1.jar:na]
	at feign.FeignException.errorStatus(FeignException.java:194) ~[feign-core-13.2.1.jar:na]
	at feign.codec.ErrorDecoder$Default.decode(ErrorDecoder.java:103) ~[feign-core-13.2.1.jar:na]
	at feign.InvocationContext.decodeError(InvocationContext.java:126) ~[feign-core-13.2.1.jar:na]
	at feign.InvocationContext.proceed(InvocationContext.java:72) ~[feign-core-13.2.1.jar:na]
	at feign.ResponseHandler.handleResponse(ResponseHandler.java:63) ~[feign-core-13.2.1.jar:na]
	at feign.SynchronousMethodHandler.executeAndDecode(SynchronousMethodHandler.java:114) ~[feign-core-13.2.1.jar:na]
	at feign.SynchronousMethodHandler.invoke(SynchronousMethodHandler.java:70) ~[feign-core-13.2.1.jar:na]
	at feign.ReflectiveFeign$FeignInvocationHandler.invoke(ReflectiveFeign.java:99) ~[feign-core-13.2.1.jar:na]
	at jdk.proxy2/jdk.proxy2.$Proxy67.registerMember(Unknown Source) ~[na:na]
	at shop.S5G.front.service.member.impl.MemberServiceImpl.registerMember(MemberServiceImpl.java:23) ~[classes/:na]
	at shop.S5G.front.controller.MemberController.register(MemberController.java:47) ~[classes/:na]
	at java.base/jdk.internal.reflect.DirectMethodHandleAccessor.invoke(DirectMethodHandleAccessor.java:103) ~[na:na]
	at java.base/java.lang.reflect.Method.invoke(Method.java:580) ~[na:na]
	at org.springframework.web.method.support.InvocableHandlerMethod.doInvoke(InvocableHandlerMethod.java:255) ~[spring-web-6.1.13.jar:6.1.13]
	at org.springframework.web.method.support.InvocableHandlerMethod.invokeForRequest(InvocableHandlerMethod.java:188) ~[spring-web-6.1.13.jar:6.1.13]
	at org.springframework.web.servlet.mvc.method.annotation.ServletInvocableHandlerMethod.invokeAndHandle(ServletInvocableHandlerMethod.java:118) ~[spring-webmvc-6.1.13.jar:6.1.13]
	at org.springframework.web.servlet.mvc.method.annotation.RequestMappingHandlerAdapter.invokeHandlerMethod(RequestMappingHandlerAdapter.java:926) ~[spring-webmvc-6.1.13.jar:6.1.13]
	at org.springframework.web.servlet.mvc.method.annotation.RequestMappingHandlerAdapter.handleInternal(RequestMappingHandlerAdapter.java:831) ~[spring-webmvc-6.1.13.jar:6.1.13]
	at org.springframework.web.servlet.mvc.method.AbstractHandlerMethodAdapter.handle(AbstractHandlerMethodAdapter.java:87) ~[spring-webmvc-6.1.13.jar:6.1.13]
	at org.springframework.web.servlet.DispatcherServlet.doDispatch(DispatcherServlet.java:1089) ~[spring-webmvc-6.1.13.jar:6.1.13]
	at org.springframework.web.servlet.DispatcherServlet.doService(DispatcherServlet.java:979) ~[spring-webmvc-6.1.13.jar:6.1.13]
	at org.springframework.web.servlet.FrameworkServlet.processRequest(FrameworkServlet.java:1014) ~[spring-webmvc-6.1.13.jar:6.1.13]
	at org.springframework.web.servlet.FrameworkServlet.doPost(FrameworkServlet.java:914) ~[spring-webmvc-6.1.13.jar:6.1.13]
	at jakarta.servlet.http.HttpServlet.service(HttpServlet.java:590) ~[tomcat-embed-core-10.1.30.jar:6.0]
	at org.springframework.web.servlet.FrameworkServlet.service(FrameworkServlet.java:885) ~[spring-webmvc-6.1.13.jar:6.1.13]
	at jakarta.servlet.http.HttpServlet.service(HttpServlet.java:658) ~[tomcat-embed-core-10.1.30.jar:6.0]
	at org.apache.catalina.core.ApplicationFilterChain.internalDoFilter(ApplicationFilterChain.java:195) ~[tomcat-embed-core-10.1.30.jar:10.1.30]
	at org.apache.catalina.core.ApplicationFilterChain.doFilter(ApplicationFilterChain.java:140) ~[tomcat-embed-core-10.1.30.jar:10.1.30]
	at org.apache.tomcat.websocket.server.WsFilter.doFilter(WsFilter.java:51) ~[tomcat-embed-websocket-10.1.30.jar:10.1.30]
	at org.apache.catalina.core.ApplicationFilterChain.internalDoFilter(ApplicationFilterChain.java:164) ~[tomcat-embed-core-10.1.30.jar:10.1.30]
	at org.apache.catalina.core.ApplicationFilterChain.doFilter(ApplicationFilterChain.java:140) ~[tomcat-embed-core-10.1.30.jar:10.1.30]
	at org.springframework.web.filter.RequestContextFilter.doFilterInternal(RequestContextFilter.java:100) ~[spring-web-6.1.13.jar:6.1.13]
	at org.springframework.web.filter.OncePerRequestFilter.doFilter(OncePerRequestFilter.java:116) ~[spring-web-6.1.13.jar:6.1.13]
	at org.apache.catalina.core.ApplicationFilterChain.internalDoFilter(ApplicationFilterChain.java:164) ~[tomcat-embed-core-10.1.30.jar:10.1.30]
	at org.apache.catalina.core.ApplicationFilterChain.doFilter(ApplicationFilterChain.java:140) ~[tomcat-embed-core-10.1.30.jar:10.1.30]
	at org.springframework.web.filter.FormContentFilter.doFilterInternal(FormContentFilter.java:93) ~[spring-web-6.1.13.jar:6.1.13]
	at org.springframework.web.filter.OncePerRequestFilter.doFilter(OncePerRequestFilter.java:116) ~[spring-web-6.1.13.jar:6.1.13]
	at org.apache.catalina.core.ApplicationFilterChain.internalDoFilter(ApplicationFilterChain.java:164) ~[tomcat-embed-core-10.1.30.jar:10.1.30]
	at org.apache.catalina.core.ApplicationFilterChain.doFilter(ApplicationFilterChain.java:140) ~[tomcat-embed-core-10.1.30.jar:10.1.30]
	at org.springframework.web.filter.CharacterEncodingFilter.doFilterInternal(CharacterEncodingFilter.java:201) ~[spring-web-6.1.13.jar:6.1.13]
	at org.springframework.web.filter.OncePerRequestFilter.doFilter(OncePerRequestFilter.java:116) ~[spring-web-6.1.13.jar:6.1.13]
	at org.apache.catalina.core.ApplicationFilterChain.internalDoFilter(ApplicationFilterChain.java:164) ~[tomcat-embed-core-10.1.30.jar:10.1.30]
	at org.apache.catalina.core.ApplicationFilterChain.doFilter(ApplicationFilterChain.java:140) ~[tomcat-embed-core-10.1.30.jar:10.1.30]
	at org.apache.catalina.core.StandardWrapperValve.invoke(StandardWrapperValve.java:167) ~[tomcat-embed-core-10.1.30.jar:10.1.30]
	at org.apache.catalina.core.StandardContextValve.invoke(StandardContextValve.java:90) ~[tomcat-embed-core-10.1.30.jar:10.1.30]
	at org.apache.catalina.authenticator.AuthenticatorBase.invoke(AuthenticatorBase.java:483) ~[tomcat-embed-core-10.1.30.jar:10.1.30]
	at org.apache.catalina.core.StandardHostValve.invoke(StandardHostValve.java:115) ~[tomcat-embed-core-10.1.30.jar:10.1.30]
	at org.apache.catalina.valves.ErrorReportValve.invoke(ErrorReportValve.java:93) ~[tomcat-embed-core-10.1.30.jar:10.1.30]
	at org.apache.catalina.core.StandardEngineValve.invoke(StandardEngineValve.java:74) ~[tomcat-embed-core-10.1.30.jar:10.1.30]
	at org.apache.catalina.connector.CoyoteAdapter.service(CoyoteAdapter.java:344) ~[tomcat-embed-core-10.1.30.jar:10.1.30]
	at org.apache.coyote.http11.Http11Processor.service(Http11Processor.java:384) ~[tomcat-embed-core-10.1.30.jar:10.1.30]
	at org.apache.coyote.AbstractProcessorLight.process(AbstractProcessorLight.java:63) ~[tomcat-embed-core-10.1.30.jar:10.1.30]
	at org.apache.coyote.AbstractProtocol$ConnectionHandler.process(AbstractProtocol.java:905) ~[tomcat-embed-core-10.1.30.jar:10.1.30]
	at org.apache.tomcat.util.net.NioEndpoint$SocketProcessor.doRun(NioEndpoint.java:1741) ~[tomcat-embed-core-10.1.30.jar:10.1.30]
	at org.apache.tomcat.util.net.SocketProcessorBase.run(SocketProcessorBase.java:52) ~[tomcat-embed-core-10.1.30.jar:10.1.30]
	at org.apache.tomcat.util.threads.ThreadPoolExecutor.runWorker(ThreadPoolExecutor.java:1190) ~[tomcat-embed-core-10.1.30.jar:10.1.30]
	at org.apache.tomcat.util.threads.ThreadPoolExecutor$Worker.run(ThreadPoolExecutor.java:659) ~[tomcat-embed-core-10.1.30.jar:10.1.30]
	at org.apache.tomcat.util.threads.TaskThread$WrappingRunnable.run(TaskThread.java:63) ~[tomcat-embed-core-10.1.30.jar:10.1.30]
	at java.base/java.lang.Thread.run(Thread.java:1570) ~[na:na]

2024-10-28T13:36:17.119+09:00 ERROR 3208 --- [55g.com-front] [http-nio-8080-exec-2] o.a.c.c.C.[.[.[/].[dispatcherServlet]    : Servlet.service() for servlet [dispatcherServlet] in context with path [] threw exception [Request processing failed: feign.FeignException$BadRequest: [400] during [POST] to [http://localhost:8820/api/shop/member] [MemberAdapter#registerMember(MemberRegistrationRequestDto)]: [{"message":"잘못된 요청입니다."}]] with root cause

feign.FeignException$BadRequest: [400] during [POST] to [http://localhost:8820/api/shop/member] [MemberAdapter#registerMember(MemberRegistrationRequestDto)]: [{"message":"잘못된 요청입니다."}]
	at feign.FeignException.clientErrorStatus(FeignException.java:222) ~[feign-core-13.2.1.jar:na]
	at feign.FeignException.errorStatus(FeignException.java:203) ~[feign-core-13.2.1.jar:na]
	at feign.FeignException.errorStatus(FeignException.java:194) ~[feign-core-13.2.1.jar:na]
	at feign.codec.ErrorDecoder$Default.decode(ErrorDecoder.java:103) ~[feign-core-13.2.1.jar:na]
	at feign.InvocationContext.decodeError(InvocationContext.java:126) ~[feign-core-13.2.1.jar:na]
	at feign.InvocationContext.proceed(InvocationContext.java:72) ~[feign-core-13.2.1.jar:na]
	at feign.ResponseHandler.handleResponse(ResponseHandler.java:63) ~[feign-core-13.2.1.jar:na]
	at feign.SynchronousMethodHandler.executeAndDecode(SynchronousMethodHandler.java:114) ~[feign-core-13.2.1.jar:na]
	at feign.SynchronousMethodHandler.invoke(SynchronousMethodHandler.java:70) ~[feign-core-13.2.1.jar:na]
	at feign.ReflectiveFeign$FeignInvocationHandler.invoke(ReflectiveFeign.java:99) ~[feign-core-13.2.1.jar:na]
	at jdk.proxy2/jdk.proxy2.$Proxy67.registerMember(Unknown Source) ~[na:na]
	at shop.S5G.front.service.member.impl.MemberServiceImpl.registerMember(MemberServiceImpl.java:23) ~[classes/:na]
	at shop.S5G.front.controller.MemberController.register(MemberController.java:47) ~[classes/:na]
	at java.base/jdk.internal.reflect.DirectMethodHandleAccessor.invoke(DirectMethodHandleAccessor.java:103) ~[na:na]
	at java.base/java.lang.reflect.Method.invoke(Method.java:580) ~[na:na]
	at org.springframework.web.method.support.InvocableHandlerMethod.doInvoke(InvocableHandlerMethod.java:255) ~[spring-web-6.1.13.jar:6.1.13]
	at org.springframework.web.method.support.InvocableHandlerMethod.invokeForRequest(InvocableHandlerMethod.java:188) ~[spring-web-6.1.13.jar:6.1.13]
	at org.springframework.web.servlet.mvc.method.annotation.ServletInvocableHandlerMethod.invokeAndHandle(ServletInvocableHandlerMethod.java:118) ~[spring-webmvc-6.1.13.jar:6.1.13]
	at org.springframework.web.servlet.mvc.method.annotation.RequestMappingHandlerAdapter.invokeHandlerMethod(RequestMappingHandlerAdapter.java:926) ~[spring-webmvc-6.1.13.jar:6.1.13]
	at org.springframework.web.servlet.mvc.method.annotation.RequestMappingHandlerAdapter.handleInternal(RequestMappingHandlerAdapter.java:831) ~[spring-webmvc-6.1.13.jar:6.1.13]
	at org.springframework.web.servlet.mvc.method.AbstractHandlerMethodAdapter.handle(AbstractHandlerMethodAdapter.java:87) ~[spring-webmvc-6.1.13.jar:6.1.13]
	at org.springframework.web.servlet.DispatcherServlet.doDispatch(DispatcherServlet.java:1089) ~[spring-webmvc-6.1.13.jar:6.1.13]
	at org.springframework.web.servlet.DispatcherServlet.doService(DispatcherServlet.java:979) ~[spring-webmvc-6.1.13.jar:6.1.13]
	at org.springframework.web.servlet.FrameworkServlet.processRequest(FrameworkServlet.java:1014) ~[spring-webmvc-6.1.13.jar:6.1.13]
	at org.springframework.web.servlet.FrameworkServlet.doPost(FrameworkServlet.java:914) ~[spring-webmvc-6.1.13.jar:6.1.13]
	at jakarta.servlet.http.HttpServlet.service(HttpServlet.java:590) ~[tomcat-embed-core-10.1.30.jar:6.0]
	at org.springframework.web.servlet.FrameworkServlet.service(FrameworkServlet.java:885) ~[spring-webmvc-6.1.13.jar:6.1.13]
	at jakarta.servlet.http.HttpServlet.service(HttpServlet.java:658) ~[tomcat-embed-core-10.1.30.jar:6.0]
	at org.apache.catalina.core.ApplicationFilterChain.internalDoFilter(ApplicationFilterChain.java:195) ~[tomcat-embed-core-10.1.30.jar:10.1.30]
	at org.apache.catalina.core.ApplicationFilterChain.doFilter(ApplicationFilterChain.java:140) ~[tomcat-embed-core-10.1.30.jar:10.1.30]
	at org.apache.tomcat.websocket.server.WsFilter.doFilter(WsFilter.java:51) ~[tomcat-embed-websocket-10.1.30.jar:10.1.30]
	at org.apache.catalina.core.ApplicationFilterChain.internalDoFilter(ApplicationFilterChain.java:164) ~[tomcat-embed-core-10.1.30.jar:10.1.30]
	at org.apache.catalina.core.ApplicationFilterChain.doFilter(ApplicationFilterChain.java:140) ~[tomcat-embed-core-10.1.30.jar:10.1.30]
	at org.springframework.web.filter.RequestContextFilter.doFilterInternal(RequestContextFilter.java:100) ~[spring-web-6.1.13.jar:6.1.13]
	at org.springframework.web.filter.OncePerRequestFilter.doFilter(OncePerRequestFilter.java:116) ~[spring-web-6.1.13.jar:6.1.13]
	at org.apache.catalina.core.ApplicationFilterChain.internalDoFilter(ApplicationFilterChain.java:164) ~[tomcat-embed-core-10.1.30.jar:10.1.30]
	at org.apache.catalina.core.ApplicationFilterChain.doFilter(ApplicationFilterChain.java:140) ~[tomcat-embed-core-10.1.30.jar:10.1.30]
	at org.springframework.web.filter.FormContentFilter.doFilterInternal(FormContentFilter.java:93) ~[spring-web-6.1.13.jar:6.1.13]
	at org.springframework.web.filter.OncePerRequestFilter.doFilter(OncePerRequestFilter.java:116) ~[spring-web-6.1.13.jar:6.1.13]
	at org.apache.catalina.core.ApplicationFilterChain.internalDoFilter(ApplicationFilterChain.java:164) ~[tomcat-embed-core-10.1.30.jar:10.1.30]
	at org.apache.catalina.core.ApplicationFilterChain.doFilter(ApplicationFilterChain.java:140) ~[tomcat-embed-core-10.1.30.jar:10.1.30]
	at org.springframework.web.filter.CharacterEncodingFilter.doFilterInternal(CharacterEncodingFilter.java:201) ~[spring-web-6.1.13.jar:6.1.13]
	at org.springframework.web.filter.OncePerRequestFilter.doFilter(OncePerRequestFilter.java:116) ~[spring-web-6.1.13.jar:6.1.13]
	at org.apache.catalina.core.ApplicationFilterChain.internalDoFilter(ApplicationFilterChain.java:164) ~[tomcat-embed-core-10.1.30.jar:10.1.30]
	at org.apache.catalina.core.ApplicationFilterChain.doFilter(ApplicationFilterChain.java:140) ~[tomcat-embed-core-10.1.30.jar:10.1.30]
	at org.apache.catalina.core.StandardWrapperValve.invoke(StandardWrapperValve.java:167) ~[tomcat-embed-core-10.1.30.jar:10.1.30]
	at org.apache.catalina.core.StandardContextValve.invoke(StandardContextValve.java:90) ~[tomcat-embed-core-10.1.30.jar:10.1.30]
	at org.apache.catalina.authenticator.AuthenticatorBase.invoke(AuthenticatorBase.java:483) ~[tomcat-embed-core-10.1.30.jar:10.1.30]
	at org.apache.catalina.core.StandardHostValve.invoke(StandardHostValve.java:115) ~[tomcat-embed-core-10.1.30.jar:10.1.30]
	at org.apache.catalina.valves.ErrorReportValve.invoke(ErrorReportValve.java:93) ~[tomcat-embed-core-10.1.30.jar:10.1.30]
	at org.apache.catalina.core.StandardEngineValve.invoke(StandardEngineValve.java:74) ~[tomcat-embed-core-10.1.30.jar:10.1.30]
	at org.apache.catalina.connector.CoyoteAdapter.service(CoyoteAdapter.java:344) ~[tomcat-embed-core-10.1.30.jar:10.1.30]
	at org.apache.coyote.http11.Http11Processor.service(Http11Processor.java:384) ~[tomcat-embed-core-10.1.30.jar:10.1.30]
	at org.apache.coyote.AbstractProcessorLight.process(AbstractProcessorLight.java:63) ~[tomcat-embed-core-10.1.30.jar:10.1.30]
	at org.apache.coyote.AbstractProtocol$ConnectionHandler.process(AbstractProtocol.java:905) ~[tomcat-embed-core-10.1.30.jar:10.1.30]
	at org.apache.tomcat.util.net.NioEndpoint$SocketProcessor.doRun(NioEndpoint.java:1741) ~[tomcat-embed-core-10.1.30.jar:10.1.30]
	at org.apache.tomcat.util.net.SocketProcessorBase.run(SocketProcessorBase.java:52) ~[tomcat-embed-core-10.1.30.jar:10.1.30]
	at org.apache.tomcat.util.threads.ThreadPoolExecutor.runWorker(ThreadPoolExecutor.java:1190) ~[tomcat-embed-core-10.1.30.jar:10.1.30]
	at org.apache.tomcat.util.threads.ThreadPoolExecutor$Worker.run(ThreadPoolExecutor.java:659) ~[tomcat-embed-core-10.1.30.jar:10.1.30]
	at org.apache.tomcat.util.threads.TaskThread$WrappingRunnable.run(TaskThread.java:63) ~[tomcat-embed-core-10.1.30.jar:10.1.30]
	at java.base/java.lang.Thread.run(Thread.java:1570) ~[na:na]

2024-10-28T13:36:19.784+09:00  INFO 18884 --- [55g.com-front] [main] shop.S5G.front.Application               : Starting Application using Java 22.0.1 with PID 18884 (C:\NHNacademy\book\55G.COM-front\target\classes started by cbs10 in C:\NHNacademy\book\55G.COM-front)
2024-10-28T13:36:19.786+09:00  INFO 18884 --- [55g.com-front] [main] shop.S5G.front.Application               : No active profile set, falling back to 1 default profile: "default"
2024-10-28T13:36:20.546+09:00  INFO 18884 --- [55g.com-front] [main] o.s.cloud.context.scope.GenericScope     : BeanFactory id=4f610a00-580e-3fc6-b2fd-e896fa9b10ab
2024-10-28T13:36:20.810+09:00  INFO 18884 --- [55g.com-front] [main] o.s.b.w.embedded.tomcat.TomcatWebServer  : Tomcat initialized with port 8080 (http)
2024-10-28T13:36:20.824+09:00  INFO 18884 --- [55g.com-front] [main] o.apache.catalina.core.StandardService   : Starting service [Tomcat]
2024-10-28T13:36:20.825+09:00  INFO 18884 --- [55g.com-front] [main] o.apache.catalina.core.StandardEngine    : Starting Servlet engine: [Apache Tomcat/10.1.30]
2024-10-28T13:36:20.873+09:00  INFO 18884 --- [55g.com-front] [main] o.a.c.c.C.[Tomcat].[localhost].[/]       : Initializing Spring embedded WebApplicationContext
2024-10-28T13:36:20.873+09:00  INFO 18884 --- [55g.com-front] [main] w.s.c.ServletWebServerApplicationContext : Root WebApplicationContext: initialization completed in 1035 ms
2024-10-28T13:36:21.122+09:00  INFO 18884 --- [55g.com-front] [main] o.s.b.a.w.s.WelcomePageHandlerMapping    : Adding welcome page template: index
2024-10-28T13:36:21.450+09:00  INFO 18884 --- [55g.com-front] [main] o.s.b.w.embedded.tomcat.TomcatWebServer  : Tomcat started on port 8080 (http) with context path '/'
2024-10-28T13:36:21.460+09:00  INFO 18884 --- [55g.com-front] [main] shop.S5G.front.Application               : Started Application in 2.265 seconds (process running for 2.871)
2024-10-28T13:37:41.510+09:00  INFO 14084 --- [55g.com-front] [main] shop.S5G.front.Application               : Starting Application using Java 22.0.1 with PID 14084 (C:\NHNacademy\book\55G.COM-front\target\classes started by cbs10 in C:\NHNacademy\book\55G.COM-front)
2024-10-28T13:37:41.514+09:00  INFO 14084 --- [55g.com-front] [main] shop.S5G.front.Application               : No active profile set, falling back to 1 default profile: "default"
2024-10-28T13:37:42.337+09:00  INFO 14084 --- [55g.com-front] [main] o.s.cloud.context.scope.GenericScope     : BeanFactory id=4f610a00-580e-3fc6-b2fd-e896fa9b10ab
2024-10-28T13:37:42.623+09:00  INFO 14084 --- [55g.com-front] [main] o.s.b.w.embedded.tomcat.TomcatWebServer  : Tomcat initialized with port 8080 (http)
2024-10-28T13:37:42.633+09:00  INFO 14084 --- [55g.com-front] [main] o.apache.catalina.core.StandardService   : Starting service [Tomcat]
2024-10-28T13:37:42.633+09:00  INFO 14084 --- [55g.com-front] [main] o.apache.catalina.core.StandardEngine    : Starting Servlet engine: [Apache Tomcat/10.1.30]
2024-10-28T13:37:42.706+09:00  INFO 14084 --- [55g.com-front] [main] o.a.c.c.C.[Tomcat].[localhost].[/]       : Initializing Spring embedded WebApplicationContext
2024-10-28T13:37:42.706+09:00  INFO 14084 --- [55g.com-front] [main] w.s.c.ServletWebServerApplicationContext : Root WebApplicationContext: initialization completed in 1127 ms
2024-10-28T13:37:42.963+09:00  INFO 14084 --- [55g.com-front] [main] o.s.b.a.w.s.WelcomePageHandlerMapping    : Adding welcome page template: index
2024-10-28T13:37:43.297+09:00  INFO 14084 --- [55g.com-front] [main] o.s.b.w.embedded.tomcat.TomcatWebServer  : Tomcat started on port 8080 (http) with context path '/'
2024-10-28T13:37:43.306+09:00  INFO 14084 --- [55g.com-front] [main] shop.S5G.front.Application               : Started Application in 2.363 seconds (process running for 3.194)
2024-10-28T13:39:01.540+09:00  INFO 24856 --- [55g.com-front] [main] shop.S5G.front.Application               : Starting Application using Java 22.0.1 with PID 24856 (C:\NHNacademy\book\55G.COM-front\target\classes started by cbs10 in C:\NHNacademy\book\55G.COM-front)
2024-10-28T13:39:01.545+09:00  INFO 24856 --- [55g.com-front] [main] shop.S5G.front.Application               : No active profile set, falling back to 1 default profile: "default"
2024-10-28T13:39:02.300+09:00  INFO 24856 --- [55g.com-front] [main] o.s.cloud.context.scope.GenericScope     : BeanFactory id=4f610a00-580e-3fc6-b2fd-e896fa9b10ab
2024-10-28T13:39:02.545+09:00  INFO 24856 --- [55g.com-front] [main] o.s.b.w.embedded.tomcat.TomcatWebServer  : Tomcat initialized with port 8080 (http)
2024-10-28T13:39:02.558+09:00  INFO 24856 --- [55g.com-front] [main] o.apache.catalina.core.StandardService   : Starting service [Tomcat]
2024-10-28T13:39:02.558+09:00  INFO 24856 --- [55g.com-front] [main] o.apache.catalina.core.StandardEngine    : Starting Servlet engine: [Apache Tomcat/10.1.30]
2024-10-28T13:39:02.619+09:00  INFO 24856 --- [55g.com-front] [main] o.a.c.c.C.[Tomcat].[localhost].[/]       : Initializing Spring embedded WebApplicationContext
2024-10-28T13:39:02.619+09:00  INFO 24856 --- [55g.com-front] [main] w.s.c.ServletWebServerApplicationContext : Root WebApplicationContext: initialization completed in 1028 ms
2024-10-28T13:39:02.899+09:00  INFO 24856 --- [55g.com-front] [main] o.s.b.a.w.s.WelcomePageHandlerMapping    : Adding welcome page template: index
2024-10-28T13:39:03.210+09:00  INFO 24856 --- [55g.com-front] [main] o.s.b.w.embedded.tomcat.TomcatWebServer  : Tomcat started on port 8080 (http) with context path '/'
2024-10-28T13:39:03.220+09:00  INFO 24856 --- [55g.com-front] [main] shop.S5G.front.Application               : Started Application in 2.225 seconds (process running for 2.94)
2024-10-28T13:39:07.353+09:00  INFO 24856 --- [55g.com-front] [http-nio-8080-exec-1] o.a.c.c.C.[Tomcat].[localhost].[/]       : Initializing Spring DispatcherServlet 'dispatcherServlet'
2024-10-28T13:39:07.354+09:00  INFO 24856 --- [55g.com-front] [http-nio-8080-exec-1] o.s.web.servlet.DispatcherServlet        : Initializing Servlet 'dispatcherServlet'
2024-10-28T13:39:07.354+09:00  INFO 24856 --- [55g.com-front] [http-nio-8080-exec-1] o.s.web.servlet.DispatcherServlet        : Completed initialization in 0 ms
2024-10-28T13:39:54.164+09:00  INFO 21008 --- [55g.com-front] [main] shop.S5G.front.Application               : Starting Application using Java 22.0.1 with PID 21008 (C:\NHNacademy\book\55G.COM-front\target\classes started by cbs10 in C:\NHNacademy\book\55G.COM-front)
2024-10-28T13:39:54.167+09:00  INFO 21008 --- [55g.com-front] [main] shop.S5G.front.Application               : No active profile set, falling back to 1 default profile: "default"
2024-10-28T13:39:54.835+09:00  INFO 21008 --- [55g.com-front] [main] o.s.cloud.context.scope.GenericScope     : BeanFactory id=4f610a00-580e-3fc6-b2fd-e896fa9b10ab
2024-10-28T13:39:55.098+09:00  INFO 21008 --- [55g.com-front] [main] o.s.b.w.embedded.tomcat.TomcatWebServer  : Tomcat initialized with port 8080 (http)
2024-10-28T13:39:55.111+09:00  INFO 21008 --- [55g.com-front] [main] o.apache.catalina.core.StandardService   : Starting service [Tomcat]
2024-10-28T13:39:55.112+09:00  INFO 21008 --- [55g.com-front] [main] o.apache.catalina.core.StandardEngine    : Starting Servlet engine: [Apache Tomcat/10.1.30]
2024-10-28T13:39:55.187+09:00  INFO 21008 --- [55g.com-front] [main] o.a.c.c.C.[Tomcat].[localhost].[/]       : Initializing Spring embedded WebApplicationContext
2024-10-28T13:39:55.188+09:00  INFO 21008 --- [55g.com-front] [main] w.s.c.ServletWebServerApplicationContext : Root WebApplicationContext: initialization completed in 956 ms
2024-10-28T13:39:55.431+09:00  INFO 21008 --- [55g.com-front] [main] o.s.b.a.w.s.WelcomePageHandlerMapping    : Adding welcome page template: index
2024-10-28T13:39:55.753+09:00  INFO 21008 --- [55g.com-front] [main] o.s.b.w.embedded.tomcat.TomcatWebServer  : Tomcat started on port 8080 (http) with context path '/'
2024-10-28T13:39:55.764+09:00  INFO 21008 --- [55g.com-front] [main] shop.S5G.front.Application               : Started Application in 2.104 seconds (process running for 2.713)
2024-10-28T13:40:00.369+09:00  INFO 21008 --- [55g.com-front] [http-nio-8080-exec-2] o.a.c.c.C.[Tomcat].[localhost].[/]       : Initializing Spring DispatcherServlet 'dispatcherServlet'
2024-10-28T13:40:00.370+09:00  INFO 21008 --- [55g.com-front] [http-nio-8080-exec-2] o.s.web.servlet.DispatcherServlet        : Initializing Servlet 'dispatcherServlet'
2024-10-28T13:40:00.371+09:00  INFO 21008 --- [55g.com-front] [http-nio-8080-exec-2] o.s.web.servlet.DispatcherServlet        : Completed initialization in 1 ms
2024-10-28T13:40:45.777+09:00  INFO 22796 --- [55g.com-front] [main] shop.S5G.front.Application               : Starting Application using Java 22.0.1 with PID 22796 (C:\NHNacademy\book\55G.COM-front\target\classes started by cbs10 in C:\NHNacademy\book\55G.COM-front)
2024-10-28T13:40:45.779+09:00  INFO 22796 --- [55g.com-front] [main] shop.S5G.front.Application               : No active profile set, falling back to 1 default profile: "default"
2024-10-28T13:40:46.430+09:00  INFO 22796 --- [55g.com-front] [main] o.s.cloud.context.scope.GenericScope     : BeanFactory id=4f610a00-580e-3fc6-b2fd-e896fa9b10ab
2024-10-28T13:40:46.690+09:00  INFO 22796 --- [55g.com-front] [main] o.s.b.w.embedded.tomcat.TomcatWebServer  : Tomcat initialized with port 8080 (http)
2024-10-28T13:40:46.705+09:00  INFO 22796 --- [55g.com-front] [main] o.apache.catalina.core.StandardService   : Starting service [Tomcat]
2024-10-28T13:40:46.705+09:00  INFO 22796 --- [55g.com-front] [main] o.apache.catalina.core.StandardEngine    : Starting Servlet engine: [Apache Tomcat/10.1.30]
2024-10-28T13:40:46.771+09:00  INFO 22796 --- [55g.com-front] [main] o.a.c.c.C.[Tomcat].[localhost].[/]       : Initializing Spring embedded WebApplicationContext
2024-10-28T13:40:46.771+09:00  INFO 22796 --- [55g.com-front] [main] w.s.c.ServletWebServerApplicationContext : Root WebApplicationContext: initialization completed in 950 ms
2024-10-28T13:40:47.032+09:00  INFO 22796 --- [55g.com-front] [main] o.s.b.a.w.s.WelcomePageHandlerMapping    : Adding welcome page template: index
2024-10-28T13:40:47.354+09:00  INFO 22796 --- [55g.com-front] [main] o.s.b.w.embedded.tomcat.TomcatWebServer  : Tomcat started on port 8080 (http) with context path '/'
2024-10-28T13:40:47.365+09:00  INFO 22796 --- [55g.com-front] [main] shop.S5G.front.Application               : Started Application in 2.147 seconds (process running for 2.786)
2024-10-28T13:40:48.603+09:00  INFO 22796 --- [55g.com-front] [http-nio-8080-exec-1] o.a.c.c.C.[Tomcat].[localhost].[/]       : Initializing Spring DispatcherServlet 'dispatcherServlet'
2024-10-28T13:40:48.604+09:00  INFO 22796 --- [55g.com-front] [http-nio-8080-exec-1] o.s.web.servlet.DispatcherServlet        : Initializing Servlet 'dispatcherServlet'
2024-10-28T13:40:48.605+09:00  INFO 22796 --- [55g.com-front] [http-nio-8080-exec-1] o.s.web.servlet.DispatcherServlet        : Completed initialization in 1 ms
2024-10-28T13:43:02.470+09:00 ERROR 22796 --- [55g.com-front] [http-nio-8080-exec-3] o.a.c.c.C.[.[.[/].[dispatcherServlet]    : Servlet.service() for servlet [dispatcherServlet] in context with path [] threw exception [Request processing failed: feign.FeignException$Conflict: [409] during [POST] to [http://localhost:8820/api/shop/member] [MemberAdapter#registerMember(MemberRegistrationRequestDto)]: [{"message":"ACTIVE 존재하지 않습니다"}]] with root cause

feign.FeignException$Conflict: [409] during [POST] to [http://localhost:8820/api/shop/member] [MemberAdapter#registerMember(MemberRegistrationRequestDto)]: [{"message":"ACTIVE 존재하지 않습니다"}]
	at feign.FeignException.clientErrorStatus(FeignException.java:234) ~[feign-core-13.2.1.jar:na]
	at feign.FeignException.errorStatus(FeignException.java:203) ~[feign-core-13.2.1.jar:na]
	at feign.FeignException.errorStatus(FeignException.java:194) ~[feign-core-13.2.1.jar:na]
	at feign.codec.ErrorDecoder$Default.decode(ErrorDecoder.java:103) ~[feign-core-13.2.1.jar:na]
	at feign.InvocationContext.decodeError(InvocationContext.java:126) ~[feign-core-13.2.1.jar:na]
	at feign.InvocationContext.proceed(InvocationContext.java:72) ~[feign-core-13.2.1.jar:na]
	at feign.ResponseHandler.handleResponse(ResponseHandler.java:63) ~[feign-core-13.2.1.jar:na]
	at feign.SynchronousMethodHandler.executeAndDecode(SynchronousMethodHandler.java:114) ~[feign-core-13.2.1.jar:na]
	at feign.SynchronousMethodHandler.invoke(SynchronousMethodHandler.java:70) ~[feign-core-13.2.1.jar:na]
	at feign.ReflectiveFeign$FeignInvocationHandler.invoke(ReflectiveFeign.java:99) ~[feign-core-13.2.1.jar:na]
	at jdk.proxy2/jdk.proxy2.$Proxy67.registerMember(Unknown Source) ~[na:na]
	at shop.S5G.front.service.member.impl.MemberServiceImpl.registerMember(MemberServiceImpl.java:23) ~[classes/:na]
	at shop.S5G.front.controller.MemberController.register(MemberController.java:50) ~[classes/:na]
	at java.base/jdk.internal.reflect.DirectMethodHandleAccessor.invoke(DirectMethodHandleAccessor.java:103) ~[na:na]
	at java.base/java.lang.reflect.Method.invoke(Method.java:580) ~[na:na]
	at org.springframework.web.method.support.InvocableHandlerMethod.doInvoke(InvocableHandlerMethod.java:255) ~[spring-web-6.1.13.jar:6.1.13]
	at org.springframework.web.method.support.InvocableHandlerMethod.invokeForRequest(InvocableHandlerMethod.java:188) ~[spring-web-6.1.13.jar:6.1.13]
	at org.springframework.web.servlet.mvc.method.annotation.ServletInvocableHandlerMethod.invokeAndHandle(ServletInvocableHandlerMethod.java:118) ~[spring-webmvc-6.1.13.jar:6.1.13]
	at org.springframework.web.servlet.mvc.method.annotation.RequestMappingHandlerAdapter.invokeHandlerMethod(RequestMappingHandlerAdapter.java:926) ~[spring-webmvc-6.1.13.jar:6.1.13]
	at org.springframework.web.servlet.mvc.method.annotation.RequestMappingHandlerAdapter.handleInternal(RequestMappingHandlerAdapter.java:831) ~[spring-webmvc-6.1.13.jar:6.1.13]
	at org.springframework.web.servlet.mvc.method.AbstractHandlerMethodAdapter.handle(AbstractHandlerMethodAdapter.java:87) ~[spring-webmvc-6.1.13.jar:6.1.13]
	at org.springframework.web.servlet.DispatcherServlet.doDispatch(DispatcherServlet.java:1089) ~[spring-webmvc-6.1.13.jar:6.1.13]
	at org.springframework.web.servlet.DispatcherServlet.doService(DispatcherServlet.java:979) ~[spring-webmvc-6.1.13.jar:6.1.13]
	at org.springframework.web.servlet.FrameworkServlet.processRequest(FrameworkServlet.java:1014) ~[spring-webmvc-6.1.13.jar:6.1.13]
	at org.springframework.web.servlet.FrameworkServlet.doPost(FrameworkServlet.java:914) ~[spring-webmvc-6.1.13.jar:6.1.13]
	at jakarta.servlet.http.HttpServlet.service(HttpServlet.java:590) ~[tomcat-embed-core-10.1.30.jar:6.0]
	at org.springframework.web.servlet.FrameworkServlet.service(FrameworkServlet.java:885) ~[spring-webmvc-6.1.13.jar:6.1.13]
	at jakarta.servlet.http.HttpServlet.service(HttpServlet.java:658) ~[tomcat-embed-core-10.1.30.jar:6.0]
	at org.apache.catalina.core.ApplicationFilterChain.internalDoFilter(ApplicationFilterChain.java:195) ~[tomcat-embed-core-10.1.30.jar:10.1.30]
	at org.apache.catalina.core.ApplicationFilterChain.doFilter(ApplicationFilterChain.java:140) ~[tomcat-embed-core-10.1.30.jar:10.1.30]
	at org.apache.tomcat.websocket.server.WsFilter.doFilter(WsFilter.java:51) ~[tomcat-embed-websocket-10.1.30.jar:10.1.30]
	at org.apache.catalina.core.ApplicationFilterChain.internalDoFilter(ApplicationFilterChain.java:164) ~[tomcat-embed-core-10.1.30.jar:10.1.30]
	at org.apache.catalina.core.ApplicationFilterChain.doFilter(ApplicationFilterChain.java:140) ~[tomcat-embed-core-10.1.30.jar:10.1.30]
	at org.springframework.web.filter.RequestContextFilter.doFilterInternal(RequestContextFilter.java:100) ~[spring-web-6.1.13.jar:6.1.13]
	at org.springframework.web.filter.OncePerRequestFilter.doFilter(OncePerRequestFilter.java:116) ~[spring-web-6.1.13.jar:6.1.13]
	at org.apache.catalina.core.ApplicationFilterChain.internalDoFilter(ApplicationFilterChain.java:164) ~[tomcat-embed-core-10.1.30.jar:10.1.30]
	at org.apache.catalina.core.ApplicationFilterChain.doFilter(ApplicationFilterChain.java:140) ~[tomcat-embed-core-10.1.30.jar:10.1.30]
	at org.springframework.web.filter.FormContentFilter.doFilterInternal(FormContentFilter.java:93) ~[spring-web-6.1.13.jar:6.1.13]
	at org.springframework.web.filter.OncePerRequestFilter.doFilter(OncePerRequestFilter.java:116) ~[spring-web-6.1.13.jar:6.1.13]
	at org.apache.catalina.core.ApplicationFilterChain.internalDoFilter(ApplicationFilterChain.java:164) ~[tomcat-embed-core-10.1.30.jar:10.1.30]
	at org.apache.catalina.core.ApplicationFilterChain.doFilter(ApplicationFilterChain.java:140) ~[tomcat-embed-core-10.1.30.jar:10.1.30]
	at org.springframework.web.filter.CharacterEncodingFilter.doFilterInternal(CharacterEncodingFilter.java:201) ~[spring-web-6.1.13.jar:6.1.13]
	at org.springframework.web.filter.OncePerRequestFilter.doFilter(OncePerRequestFilter.java:116) ~[spring-web-6.1.13.jar:6.1.13]
	at org.apache.catalina.core.ApplicationFilterChain.internalDoFilter(ApplicationFilterChain.java:164) ~[tomcat-embed-core-10.1.30.jar:10.1.30]
	at org.apache.catalina.core.ApplicationFilterChain.doFilter(ApplicationFilterChain.java:140) ~[tomcat-embed-core-10.1.30.jar:10.1.30]
	at org.apache.catalina.core.StandardWrapperValve.invoke(StandardWrapperValve.java:167) ~[tomcat-embed-core-10.1.30.jar:10.1.30]
	at org.apache.catalina.core.StandardContextValve.invoke(StandardContextValve.java:90) ~[tomcat-embed-core-10.1.30.jar:10.1.30]
	at org.apache.catalina.authenticator.AuthenticatorBase.invoke(AuthenticatorBase.java:483) ~[tomcat-embed-core-10.1.30.jar:10.1.30]
	at org.apache.catalina.core.StandardHostValve.invoke(StandardHostValve.java:115) ~[tomcat-embed-core-10.1.30.jar:10.1.30]
	at org.apache.catalina.valves.ErrorReportValve.invoke(ErrorReportValve.java:93) ~[tomcat-embed-core-10.1.30.jar:10.1.30]
	at org.apache.catalina.core.StandardEngineValve.invoke(StandardEngineValve.java:74) ~[tomcat-embed-core-10.1.30.jar:10.1.30]
	at org.apache.catalina.connector.CoyoteAdapter.service(CoyoteAdapter.java:344) ~[tomcat-embed-core-10.1.30.jar:10.1.30]
	at org.apache.coyote.http11.Http11Processor.service(Http11Processor.java:384) ~[tomcat-embed-core-10.1.30.jar:10.1.30]
	at org.apache.coyote.AbstractProcessorLight.process(AbstractProcessorLight.java:63) ~[tomcat-embed-core-10.1.30.jar:10.1.30]
	at org.apache.coyote.AbstractProtocol$ConnectionHandler.process(AbstractProtocol.java:905) ~[tomcat-embed-core-10.1.30.jar:10.1.30]
	at org.apache.tomcat.util.net.NioEndpoint$SocketProcessor.doRun(NioEndpoint.java:1741) ~[tomcat-embed-core-10.1.30.jar:10.1.30]
	at org.apache.tomcat.util.net.SocketProcessorBase.run(SocketProcessorBase.java:52) ~[tomcat-embed-core-10.1.30.jar:10.1.30]
	at org.apache.tomcat.util.threads.ThreadPoolExecutor.runWorker(ThreadPoolExecutor.java:1190) ~[tomcat-embed-core-10.1.30.jar:10.1.30]
	at org.apache.tomcat.util.threads.ThreadPoolExecutor$Worker.run(ThreadPoolExecutor.java:659) ~[tomcat-embed-core-10.1.30.jar:10.1.30]
	at org.apache.tomcat.util.threads.TaskThread$WrappingRunnable.run(TaskThread.java:63) ~[tomcat-embed-core-10.1.30.jar:10.1.30]
	at java.base/java.lang.Thread.run(Thread.java:1570) ~[na:na]

2024-10-28T13:43:05.692+09:00  INFO 19032 --- [55g.com-front] [main] shop.S5G.front.Application               : Starting Application using Java 22.0.1 with PID 19032 (C:\NHNacademy\book\55G.COM-front\target\classes started by cbs10 in C:\NHNacademy\book\55G.COM-front)
2024-10-28T13:43:05.694+09:00  INFO 19032 --- [55g.com-front] [main] shop.S5G.front.Application               : No active profile set, falling back to 1 default profile: "default"
2024-10-28T13:43:06.332+09:00  INFO 19032 --- [55g.com-front] [main] o.s.cloud.context.scope.GenericScope     : BeanFactory id=4f610a00-580e-3fc6-b2fd-e896fa9b10ab
2024-10-28T13:43:06.623+09:00  INFO 19032 --- [55g.com-front] [main] o.s.b.w.embedded.tomcat.TomcatWebServer  : Tomcat initialized with port 8080 (http)
2024-10-28T13:43:06.641+09:00  INFO 19032 --- [55g.com-front] [main] o.apache.catalina.core.StandardService   : Starting service [Tomcat]
2024-10-28T13:43:06.643+09:00  INFO 19032 --- [55g.com-front] [main] o.apache.catalina.core.StandardEngine    : Starting Servlet engine: [Apache Tomcat/10.1.30]
2024-10-28T13:43:06.695+09:00  INFO 19032 --- [55g.com-front] [main] o.a.c.c.C.[Tomcat].[localhost].[/]       : Initializing Spring embedded WebApplicationContext
2024-10-28T13:43:06.695+09:00  INFO 19032 --- [55g.com-front] [main] w.s.c.ServletWebServerApplicationContext : Root WebApplicationContext: initialization completed in 954 ms
2024-10-28T13:43:06.943+09:00  INFO 19032 --- [55g.com-front] [main] o.s.b.a.w.s.WelcomePageHandlerMapping    : Adding welcome page template: index
2024-10-28T13:43:07.255+09:00  INFO 19032 --- [55g.com-front] [main] o.s.b.w.embedded.tomcat.TomcatWebServer  : Tomcat started on port 8080 (http) with context path '/'
2024-10-28T13:43:07.266+09:00  INFO 19032 --- [55g.com-front] [main] shop.S5G.front.Application               : Started Application in 2.111 seconds (process running for 2.864)
2024-10-28T13:43:27.935+09:00  INFO 19032 --- [55g.com-front] [http-nio-8080-exec-2] o.a.c.c.C.[Tomcat].[localhost].[/]       : Initializing Spring DispatcherServlet 'dispatcherServlet'
2024-10-28T13:43:27.936+09:00  INFO 19032 --- [55g.com-front] [http-nio-8080-exec-2] o.s.web.servlet.DispatcherServlet        : Initializing Servlet 'dispatcherServlet'
2024-10-28T13:43:27.937+09:00  INFO 19032 --- [55g.com-front] [http-nio-8080-exec-2] o.s.web.servlet.DispatcherServlet        : Completed initialization in 0 ms
2024-10-28T13:44:33.388+09:00 ERROR 19032 --- [55g.com-front] [http-nio-8080-exec-1] o.a.c.c.C.[.[.[/].[dispatcherServlet]    : Servlet.service() for servlet [dispatcherServlet] in context with path [] threw exception [Request processing failed: feign.FeignException$Conflict: [409] during [POST] to [http://localhost:8820/api/shop/member] [MemberAdapter#registerMember(MemberRegistrationRequestDto)]: [{"message":"ACTIVE 존재하지 않습니다"}]] with root cause

feign.FeignException$Conflict: [409] during [POST] to [http://localhost:8820/api/shop/member] [MemberAdapter#registerMember(MemberRegistrationRequestDto)]: [{"message":"ACTIVE 존재하지 않습니다"}]
	at feign.FeignException.clientErrorStatus(FeignException.java:234) ~[feign-core-13.2.1.jar:na]
	at feign.FeignException.errorStatus(FeignException.java:203) ~[feign-core-13.2.1.jar:na]
	at feign.FeignException.errorStatus(FeignException.java:194) ~[feign-core-13.2.1.jar:na]
	at feign.codec.ErrorDecoder$Default.decode(ErrorDecoder.java:103) ~[feign-core-13.2.1.jar:na]
	at feign.InvocationContext.decodeError(InvocationContext.java:126) ~[feign-core-13.2.1.jar:na]
	at feign.InvocationContext.proceed(InvocationContext.java:72) ~[feign-core-13.2.1.jar:na]
	at feign.ResponseHandler.handleResponse(ResponseHandler.java:63) ~[feign-core-13.2.1.jar:na]
	at feign.SynchronousMethodHandler.executeAndDecode(SynchronousMethodHandler.java:114) ~[feign-core-13.2.1.jar:na]
	at feign.SynchronousMethodHandler.invoke(SynchronousMethodHandler.java:70) ~[feign-core-13.2.1.jar:na]
	at feign.ReflectiveFeign$FeignInvocationHandler.invoke(ReflectiveFeign.java:99) ~[feign-core-13.2.1.jar:na]
	at jdk.proxy2/jdk.proxy2.$Proxy67.registerMember(Unknown Source) ~[na:na]
	at shop.S5G.front.service.member.impl.MemberServiceImpl.registerMember(MemberServiceImpl.java:23) ~[classes/:na]
	at shop.S5G.front.controller.MemberController.register(MemberController.java:50) ~[classes/:na]
	at java.base/jdk.internal.reflect.DirectMethodHandleAccessor.invoke(DirectMethodHandleAccessor.java:103) ~[na:na]
	at java.base/java.lang.reflect.Method.invoke(Method.java:580) ~[na:na]
	at org.springframework.web.method.support.InvocableHandlerMethod.doInvoke(InvocableHandlerMethod.java:255) ~[spring-web-6.1.13.jar:6.1.13]
	at org.springframework.web.method.support.InvocableHandlerMethod.invokeForRequest(InvocableHandlerMethod.java:188) ~[spring-web-6.1.13.jar:6.1.13]
	at org.springframework.web.servlet.mvc.method.annotation.ServletInvocableHandlerMethod.invokeAndHandle(ServletInvocableHandlerMethod.java:118) ~[spring-webmvc-6.1.13.jar:6.1.13]
	at org.springframework.web.servlet.mvc.method.annotation.RequestMappingHandlerAdapter.invokeHandlerMethod(RequestMappingHandlerAdapter.java:926) ~[spring-webmvc-6.1.13.jar:6.1.13]
	at org.springframework.web.servlet.mvc.method.annotation.RequestMappingHandlerAdapter.handleInternal(RequestMappingHandlerAdapter.java:831) ~[spring-webmvc-6.1.13.jar:6.1.13]
	at org.springframework.web.servlet.mvc.method.AbstractHandlerMethodAdapter.handle(AbstractHandlerMethodAdapter.java:87) ~[spring-webmvc-6.1.13.jar:6.1.13]
	at org.springframework.web.servlet.DispatcherServlet.doDispatch(DispatcherServlet.java:1089) ~[spring-webmvc-6.1.13.jar:6.1.13]
	at org.springframework.web.servlet.DispatcherServlet.doService(DispatcherServlet.java:979) ~[spring-webmvc-6.1.13.jar:6.1.13]
	at org.springframework.web.servlet.FrameworkServlet.processRequest(FrameworkServlet.java:1014) ~[spring-webmvc-6.1.13.jar:6.1.13]
	at org.springframework.web.servlet.FrameworkServlet.doPost(FrameworkServlet.java:914) ~[spring-webmvc-6.1.13.jar:6.1.13]
	at jakarta.servlet.http.HttpServlet.service(HttpServlet.java:590) ~[tomcat-embed-core-10.1.30.jar:6.0]
	at org.springframework.web.servlet.FrameworkServlet.service(FrameworkServlet.java:885) ~[spring-webmvc-6.1.13.jar:6.1.13]
	at jakarta.servlet.http.HttpServlet.service(HttpServlet.java:658) ~[tomcat-embed-core-10.1.30.jar:6.0]
	at org.apache.catalina.core.ApplicationFilterChain.internalDoFilter(ApplicationFilterChain.java:195) ~[tomcat-embed-core-10.1.30.jar:10.1.30]
	at org.apache.catalina.core.ApplicationFilterChain.doFilter(ApplicationFilterChain.java:140) ~[tomcat-embed-core-10.1.30.jar:10.1.30]
	at org.apache.tomcat.websocket.server.WsFilter.doFilter(WsFilter.java:51) ~[tomcat-embed-websocket-10.1.30.jar:10.1.30]
	at org.apache.catalina.core.ApplicationFilterChain.internalDoFilter(ApplicationFilterChain.java:164) ~[tomcat-embed-core-10.1.30.jar:10.1.30]
	at org.apache.catalina.core.ApplicationFilterChain.doFilter(ApplicationFilterChain.java:140) ~[tomcat-embed-core-10.1.30.jar:10.1.30]
	at org.springframework.web.filter.RequestContextFilter.doFilterInternal(RequestContextFilter.java:100) ~[spring-web-6.1.13.jar:6.1.13]
	at org.springframework.web.filter.OncePerRequestFilter.doFilter(OncePerRequestFilter.java:116) ~[spring-web-6.1.13.jar:6.1.13]
	at org.apache.catalina.core.ApplicationFilterChain.internalDoFilter(ApplicationFilterChain.java:164) ~[tomcat-embed-core-10.1.30.jar:10.1.30]
	at org.apache.catalina.core.ApplicationFilterChain.doFilter(ApplicationFilterChain.java:140) ~[tomcat-embed-core-10.1.30.jar:10.1.30]
	at org.springframework.web.filter.FormContentFilter.doFilterInternal(FormContentFilter.java:93) ~[spring-web-6.1.13.jar:6.1.13]
	at org.springframework.web.filter.OncePerRequestFilter.doFilter(OncePerRequestFilter.java:116) ~[spring-web-6.1.13.jar:6.1.13]
	at org.apache.catalina.core.ApplicationFilterChain.internalDoFilter(ApplicationFilterChain.java:164) ~[tomcat-embed-core-10.1.30.jar:10.1.30]
	at org.apache.catalina.core.ApplicationFilterChain.doFilter(ApplicationFilterChain.java:140) ~[tomcat-embed-core-10.1.30.jar:10.1.30]
	at org.springframework.web.filter.CharacterEncodingFilter.doFilterInternal(CharacterEncodingFilter.java:201) ~[spring-web-6.1.13.jar:6.1.13]
	at org.springframework.web.filter.OncePerRequestFilter.doFilter(OncePerRequestFilter.java:116) ~[spring-web-6.1.13.jar:6.1.13]
	at org.apache.catalina.core.ApplicationFilterChain.internalDoFilter(ApplicationFilterChain.java:164) ~[tomcat-embed-core-10.1.30.jar:10.1.30]
	at org.apache.catalina.core.ApplicationFilterChain.doFilter(ApplicationFilterChain.java:140) ~[tomcat-embed-core-10.1.30.jar:10.1.30]
	at org.apache.catalina.core.StandardWrapperValve.invoke(StandardWrapperValve.java:167) ~[tomcat-embed-core-10.1.30.jar:10.1.30]
	at org.apache.catalina.core.StandardContextValve.invoke(StandardContextValve.java:90) ~[tomcat-embed-core-10.1.30.jar:10.1.30]
	at org.apache.catalina.authenticator.AuthenticatorBase.invoke(AuthenticatorBase.java:483) ~[tomcat-embed-core-10.1.30.jar:10.1.30]
	at org.apache.catalina.core.StandardHostValve.invoke(StandardHostValve.java:115) ~[tomcat-embed-core-10.1.30.jar:10.1.30]
	at org.apache.catalina.valves.ErrorReportValve.invoke(ErrorReportValve.java:93) ~[tomcat-embed-core-10.1.30.jar:10.1.30]
	at org.apache.catalina.core.StandardEngineValve.invoke(StandardEngineValve.java:74) ~[tomcat-embed-core-10.1.30.jar:10.1.30]
	at org.apache.catalina.connector.CoyoteAdapter.service(CoyoteAdapter.java:344) ~[tomcat-embed-core-10.1.30.jar:10.1.30]
	at org.apache.coyote.http11.Http11Processor.service(Http11Processor.java:384) ~[tomcat-embed-core-10.1.30.jar:10.1.30]
	at org.apache.coyote.AbstractProcessorLight.process(AbstractProcessorLight.java:63) ~[tomcat-embed-core-10.1.30.jar:10.1.30]
	at org.apache.coyote.AbstractProtocol$ConnectionHandler.process(AbstractProtocol.java:905) ~[tomcat-embed-core-10.1.30.jar:10.1.30]
	at org.apache.tomcat.util.net.NioEndpoint$SocketProcessor.doRun(NioEndpoint.java:1741) ~[tomcat-embed-core-10.1.30.jar:10.1.30]
	at org.apache.tomcat.util.net.SocketProcessorBase.run(SocketProcessorBase.java:52) ~[tomcat-embed-core-10.1.30.jar:10.1.30]
	at org.apache.tomcat.util.threads.ThreadPoolExecutor.runWorker(ThreadPoolExecutor.java:1190) ~[tomcat-embed-core-10.1.30.jar:10.1.30]
	at org.apache.tomcat.util.threads.ThreadPoolExecutor$Worker.run(ThreadPoolExecutor.java:659) ~[tomcat-embed-core-10.1.30.jar:10.1.30]
	at org.apache.tomcat.util.threads.TaskThread$WrappingRunnable.run(TaskThread.java:63) ~[tomcat-embed-core-10.1.30.jar:10.1.30]
	at java.base/java.lang.Thread.run(Thread.java:1570) ~[na:na]

2024-10-28T13:46:01.593+09:00 ERROR 19032 --- [55g.com-front] [http-nio-8080-exec-4] o.a.c.c.C.[.[.[/].[dispatcherServlet]    : Servlet.service() for servlet [dispatcherServlet] in context with path [] threw exception [Request processing failed: feign.FeignException$Conflict: [409] during [POST] to [http://localhost:8820/api/shop/member] [MemberAdapter#registerMember(MemberRegistrationRequestDto)]: [{"message":"ACTIVE 존재하지 않습니다"}]] with root cause

feign.FeignException$Conflict: [409] during [POST] to [http://localhost:8820/api/shop/member] [MemberAdapter#registerMember(MemberRegistrationRequestDto)]: [{"message":"ACTIVE 존재하지 않습니다"}]
	at feign.FeignException.clientErrorStatus(FeignException.java:234) ~[feign-core-13.2.1.jar:na]
	at feign.FeignException.errorStatus(FeignException.java:203) ~[feign-core-13.2.1.jar:na]
	at feign.FeignException.errorStatus(FeignException.java:194) ~[feign-core-13.2.1.jar:na]
	at feign.codec.ErrorDecoder$Default.decode(ErrorDecoder.java:103) ~[feign-core-13.2.1.jar:na]
	at feign.InvocationContext.decodeError(InvocationContext.java:126) ~[feign-core-13.2.1.jar:na]
	at feign.InvocationContext.proceed(InvocationContext.java:72) ~[feign-core-13.2.1.jar:na]
	at feign.ResponseHandler.handleResponse(ResponseHandler.java:63) ~[feign-core-13.2.1.jar:na]
	at feign.SynchronousMethodHandler.executeAndDecode(SynchronousMethodHandler.java:114) ~[feign-core-13.2.1.jar:na]
	at feign.SynchronousMethodHandler.invoke(SynchronousMethodHandler.java:70) ~[feign-core-13.2.1.jar:na]
	at feign.ReflectiveFeign$FeignInvocationHandler.invoke(ReflectiveFeign.java:99) ~[feign-core-13.2.1.jar:na]
	at jdk.proxy2/jdk.proxy2.$Proxy67.registerMember(Unknown Source) ~[na:na]
	at shop.S5G.front.service.member.impl.MemberServiceImpl.registerMember(MemberServiceImpl.java:23) ~[classes/:na]
	at shop.S5G.front.controller.MemberController.register(MemberController.java:50) ~[classes/:na]
	at java.base/jdk.internal.reflect.DirectMethodHandleAccessor.invoke(DirectMethodHandleAccessor.java:103) ~[na:na]
	at java.base/java.lang.reflect.Method.invoke(Method.java:580) ~[na:na]
	at org.springframework.web.method.support.InvocableHandlerMethod.doInvoke(InvocableHandlerMethod.java:255) ~[spring-web-6.1.13.jar:6.1.13]
	at org.springframework.web.method.support.InvocableHandlerMethod.invokeForRequest(InvocableHandlerMethod.java:188) ~[spring-web-6.1.13.jar:6.1.13]
	at org.springframework.web.servlet.mvc.method.annotation.ServletInvocableHandlerMethod.invokeAndHandle(ServletInvocableHandlerMethod.java:118) ~[spring-webmvc-6.1.13.jar:6.1.13]
	at org.springframework.web.servlet.mvc.method.annotation.RequestMappingHandlerAdapter.invokeHandlerMethod(RequestMappingHandlerAdapter.java:926) ~[spring-webmvc-6.1.13.jar:6.1.13]
	at org.springframework.web.servlet.mvc.method.annotation.RequestMappingHandlerAdapter.handleInternal(RequestMappingHandlerAdapter.java:831) ~[spring-webmvc-6.1.13.jar:6.1.13]
	at org.springframework.web.servlet.mvc.method.AbstractHandlerMethodAdapter.handle(AbstractHandlerMethodAdapter.java:87) ~[spring-webmvc-6.1.13.jar:6.1.13]
	at org.springframework.web.servlet.DispatcherServlet.doDispatch(DispatcherServlet.java:1089) ~[spring-webmvc-6.1.13.jar:6.1.13]
	at org.springframework.web.servlet.DispatcherServlet.doService(DispatcherServlet.java:979) ~[spring-webmvc-6.1.13.jar:6.1.13]
	at org.springframework.web.servlet.FrameworkServlet.processRequest(FrameworkServlet.java:1014) ~[spring-webmvc-6.1.13.jar:6.1.13]
	at org.springframework.web.servlet.FrameworkServlet.doPost(FrameworkServlet.java:914) ~[spring-webmvc-6.1.13.jar:6.1.13]
	at jakarta.servlet.http.HttpServlet.service(HttpServlet.java:590) ~[tomcat-embed-core-10.1.30.jar:6.0]
	at org.springframework.web.servlet.FrameworkServlet.service(FrameworkServlet.java:885) ~[spring-webmvc-6.1.13.jar:6.1.13]
	at jakarta.servlet.http.HttpServlet.service(HttpServlet.java:658) ~[tomcat-embed-core-10.1.30.jar:6.0]
	at org.apache.catalina.core.ApplicationFilterChain.internalDoFilter(ApplicationFilterChain.java:195) ~[tomcat-embed-core-10.1.30.jar:10.1.30]
	at org.apache.catalina.core.ApplicationFilterChain.doFilter(ApplicationFilterChain.java:140) ~[tomcat-embed-core-10.1.30.jar:10.1.30]
	at org.apache.tomcat.websocket.server.WsFilter.doFilter(WsFilter.java:51) ~[tomcat-embed-websocket-10.1.30.jar:10.1.30]
	at org.apache.catalina.core.ApplicationFilterChain.internalDoFilter(ApplicationFilterChain.java:164) ~[tomcat-embed-core-10.1.30.jar:10.1.30]
	at org.apache.catalina.core.ApplicationFilterChain.doFilter(ApplicationFilterChain.java:140) ~[tomcat-embed-core-10.1.30.jar:10.1.30]
	at org.springframework.web.filter.RequestContextFilter.doFilterInternal(RequestContextFilter.java:100) ~[spring-web-6.1.13.jar:6.1.13]
	at org.springframework.web.filter.OncePerRequestFilter.doFilter(OncePerRequestFilter.java:116) ~[spring-web-6.1.13.jar:6.1.13]
	at org.apache.catalina.core.ApplicationFilterChain.internalDoFilter(ApplicationFilterChain.java:164) ~[tomcat-embed-core-10.1.30.jar:10.1.30]
	at org.apache.catalina.core.ApplicationFilterChain.doFilter(ApplicationFilterChain.java:140) ~[tomcat-embed-core-10.1.30.jar:10.1.30]
	at org.springframework.web.filter.FormContentFilter.doFilterInternal(FormContentFilter.java:93) ~[spring-web-6.1.13.jar:6.1.13]
	at org.springframework.web.filter.OncePerRequestFilter.doFilter(OncePerRequestFilter.java:116) ~[spring-web-6.1.13.jar:6.1.13]
	at org.apache.catalina.core.ApplicationFilterChain.internalDoFilter(ApplicationFilterChain.java:164) ~[tomcat-embed-core-10.1.30.jar:10.1.30]
	at org.apache.catalina.core.ApplicationFilterChain.doFilter(ApplicationFilterChain.java:140) ~[tomcat-embed-core-10.1.30.jar:10.1.30]
	at org.springframework.web.filter.CharacterEncodingFilter.doFilterInternal(CharacterEncodingFilter.java:201) ~[spring-web-6.1.13.jar:6.1.13]
	at org.springframework.web.filter.OncePerRequestFilter.doFilter(OncePerRequestFilter.java:116) ~[spring-web-6.1.13.jar:6.1.13]
	at org.apache.catalina.core.ApplicationFilterChain.internalDoFilter(ApplicationFilterChain.java:164) ~[tomcat-embed-core-10.1.30.jar:10.1.30]
	at org.apache.catalina.core.ApplicationFilterChain.doFilter(ApplicationFilterChain.java:140) ~[tomcat-embed-core-10.1.30.jar:10.1.30]
	at org.apache.catalina.core.StandardWrapperValve.invoke(StandardWrapperValve.java:167) ~[tomcat-embed-core-10.1.30.jar:10.1.30]
	at org.apache.catalina.core.StandardContextValve.invoke(StandardContextValve.java:90) ~[tomcat-embed-core-10.1.30.jar:10.1.30]
	at org.apache.catalina.authenticator.AuthenticatorBase.invoke(AuthenticatorBase.java:483) ~[tomcat-embed-core-10.1.30.jar:10.1.30]
	at org.apache.catalina.core.StandardHostValve.invoke(StandardHostValve.java:115) ~[tomcat-embed-core-10.1.30.jar:10.1.30]
	at org.apache.catalina.valves.ErrorReportValve.invoke(ErrorReportValve.java:93) ~[tomcat-embed-core-10.1.30.jar:10.1.30]
	at org.apache.catalina.core.StandardEngineValve.invoke(StandardEngineValve.java:74) ~[tomcat-embed-core-10.1.30.jar:10.1.30]
	at org.apache.catalina.connector.CoyoteAdapter.service(CoyoteAdapter.java:344) ~[tomcat-embed-core-10.1.30.jar:10.1.30]
	at org.apache.coyote.http11.Http11Processor.service(Http11Processor.java:384) ~[tomcat-embed-core-10.1.30.jar:10.1.30]
	at org.apache.coyote.AbstractProcessorLight.process(AbstractProcessorLight.java:63) ~[tomcat-embed-core-10.1.30.jar:10.1.30]
	at org.apache.coyote.AbstractProtocol$ConnectionHandler.process(AbstractProtocol.java:905) ~[tomcat-embed-core-10.1.30.jar:10.1.30]
	at org.apache.tomcat.util.net.NioEndpoint$SocketProcessor.doRun(NioEndpoint.java:1741) ~[tomcat-embed-core-10.1.30.jar:10.1.30]
	at org.apache.tomcat.util.net.SocketProcessorBase.run(SocketProcessorBase.java:52) ~[tomcat-embed-core-10.1.30.jar:10.1.30]
	at org.apache.tomcat.util.threads.ThreadPoolExecutor.runWorker(ThreadPoolExecutor.java:1190) ~[tomcat-embed-core-10.1.30.jar:10.1.30]
	at org.apache.tomcat.util.threads.ThreadPoolExecutor$Worker.run(ThreadPoolExecutor.java:659) ~[tomcat-embed-core-10.1.30.jar:10.1.30]
	at org.apache.tomcat.util.threads.TaskThread$WrappingRunnable.run(TaskThread.java:63) ~[tomcat-embed-core-10.1.30.jar:10.1.30]
	at java.base/java.lang.Thread.run(Thread.java:1570) ~[na:na]

